<?xml version="1.0" encoding="UTF-8"?>
<!-- Generated by org.testng.reporters.JUnitXMLReporter -->
<testsuite hostname="Udiths-MacBook-Pro.local" ignored="2" name="all-tests" tests="1" failures="0" timestamp="10 Oct 2019 11:39:10 GMT" time="3.676" errors="0">
  <testcase name="searchNokia1" time="2.355" classname="hybridcloud.paralleltest.SearchTest"/>
  <testcase name="@AfterTest teardown" time="0.0" classname="hybridcloud.paralleltest.BaseTest">
    <ignored/>
  </testcase> <!-- @AfterTest teardown -->
  <testcase name="@BeforeTest setup" time="0.0" classname="hybridcloud.paralleltest.BaseTest">
    <ignored/>
  </testcase> <!-- @BeforeTest setup -->
</testsuite> <!-- all-tests -->
