<?xml version="1.0" encoding="UTF-8"?>
<testng-results skipped="0" failed="0" ignored="2" total="3" passed="1">
  <reporter-output>
  </reporter-output>
  <suite name="Suite1" duration-ms="3676" started-at="2019-10-10T11:39:06Z" finished-at="2019-10-10T11:39:10Z">
    <groups>
    </groups>
    <test name="all-tests" duration-ms="3676" started-at="2019-10-10T11:39:06Z" finished-at="2019-10-10T11:39:10Z">
      <class name="hybridcloud.paralleltest.SearchTest">
        <test-method status="PASS" signature="setup()[pri:0, instance:hybridcloud.paralleltest.SearchTest@5b275dab]" name="setup" is-config="true" duration-ms="1154" started-at="2019-10-10T11:39:06Z" finished-at="2019-10-10T11:39:08Z">
          <reporter-output>
          </reporter-output>
        </test-method> <!-- setup -->
        <test-method status="PASS" signature="searchNokia1()[pri:0, instance:hybridcloud.paralleltest.SearchTest@5b275dab]" name="searchNokia1" duration-ms="2355" started-at="2019-10-10T11:39:08Z" finished-at="2019-10-10T11:39:10Z">
          <reporter-output>
          </reporter-output>
        </test-method> <!-- searchNokia1 -->
        <test-method status="PASS" signature="teardown()[pri:0, instance:hybridcloud.paralleltest.SearchTest@5b275dab]" name="teardown" is-config="true" duration-ms="148" started-at="2019-10-10T11:39:10Z" finished-at="2019-10-10T11:39:10Z">
          <reporter-output>
          </reporter-output>
        </test-method> <!-- teardown -->
      </class> <!-- hybridcloud.paralleltest.SearchTest -->
    </test> <!-- all-tests -->
  </suite> <!-- Suite1 -->
</testng-results>
